<?xml version="1.0" encoding="UTF-8"?>
<!-- Generated by org.testng.reporters.JUnitReportReporter -->
<testsuite hostname="LAPTOP-0DD1LKN9" failures="0" tests="3" name="tests.LoginTest" time="62.187" errors="0" timestamp="2022-06-11T18:34:32 CDT" skipped="0">
  <testcase classname="tests.LoginTest" name="testLoginPageTitle" time="20.427"/>
  <system-out/>
  <testcase classname="tests.LoginTest" name="testManagerLogin" time="18.984"/>
  <system-out/>
  <testcase classname="tests.LoginTest" name="testCustomerLogin" time="22.776"/>
  <system-out/>
</testsuite> <!-- tests.LoginTest -->
